# JRE version: Java(TM) SE Runtime Environment (8.0_51-b16) (build 1.8.0_51-b16)
# Java VM: Java HotSpot(TM) 64-Bit Server VM (25.51-b03 mixed mode windows-amd64 compressed oops)
Heap:
 garbage-first heap   total 786432K, used 609378K [0x00000005c0000000, 0x00000005c20000c0, 0x00000007c0000000)
  region size 32768K, 4 young (131072K), 1 survivors (32768K)
 Metaspace       used 121775K, capacity 124511K, committed 125056K, reserved 1153024K
  class space    used 19514K, capacity 20484K, committed 20608K, reserved 1048576K
GC Heap History (10 events):
Event: 44.447 GC heap before
{Heap before GC invocations=303 (full 0):
 garbage-first heap   total 786432K, used 630561K [0x00000005c0000000, 0x00000005c20000c0, 0x00000007c0000000)
  region size 32768K, 4 young (131072K), 1 survivors (32768K)
 Metaspace       used 119038K, capacity 121607K, committed 122240K, reserved 1150976K
  class space    used 19085K, capacity 19994K, committed 20096K, reserved 1048576K
Event: 44.463 GC heap after
Heap after GC invocations=304 (full 0):
 garbage-first heap   total 786432K, used 529046K [0x00000005c0000000, 0x00000005c20000c0, 0x00000007c0000000)
  region size 32768K, 1 young (32768K), 1 survivors (32768K)
 Metaspace       used 119038K, capacity 121607K, committed 122240K, reserved 1150976K
  class space    used 19085K, capacity 19994K, committed 20096K, reserved 1048576K
}
Event: 44.723 GC heap before
{Heap before GC invocations=304 (full 0):
 garbage-first heap   total 786432K, used 627350K [0x00000005c0000000, 0x00000005c20000c0, 0x00000007c0000000)
  region size 32768K, 4 young (131072K), 1 survivors (32768K)
 Metaspace       used 119737K, capacity 122259K, committed 122880K, reserved 1153024K
  class space    used 19183K, capacity 20100K, committed 20224K, reserved 1048576K
Event: 44.737 GC heap after
Heap after GC invocations=305 (full 0):
 garbage-first heap   total 786432K, used 539050K [0x00000005c0000000, 0x00000005c20000c0, 0x00000007c0000000)
  region size 32768K, 1 young (32768K), 1 survivors (32768K)
 Metaspace       used 119737K, capacity 122259K, committed 122880K, reserved 1153024K
  class space    used 19183K, capacity 20100K, committed 20224K, reserved 1048576K
}
Event: 44.982 GC heap before
{Heap before GC invocations=305 (full 0):
 garbage-first heap   total 786432K, used 637354K [0x00000005c0000000, 0x00000005c20000c0, 0x00000007c0000000)
  region size 32768K, 4 young (131072K), 1 survivors (32768K)
 Metaspace       used 120029K, capacity 122585K, committed 123136K, reserved 1153024K
  class space    used 19225K, capacity 20139K, committed 20224K, reserved 1048576K
Event: 44.995 GC heap after
Heap after GC invocations=306 (full 0):
 garbage-first heap   total 786432K, used 542068K [0x00000005c0000000, 0x00000005c20000c0, 0x00000007c0000000)
  region size 32768K, 1 young (32768K), 1 survivors (32768K)
 Metaspace       used 120029K, capacity 122585K, committed 123136K, reserved 1153024K
  class space    used 19225K, capacity 20139K, committed 20224K, reserved 1048576K
}
Event: 45.253 GC heap before
{Heap before GC invocations=307 (full 0):
 garbage-first heap   total 786432K, used 640372K [0x00000005c0000000, 0x00000005c20000c0, 0x00000007c0000000)
  region size 32768K, 4 young (131072K), 1 survivors (32768K)
 Metaspace       used 120435K, capacity 123019K, committed 123392K, reserved 1153024K
  class space    used 19288K, capacity 20216K, committed 20224K, reserved 1048576K
Event: 45.264 GC heap after
Heap after GC invocations=308 (full 0):
 garbage-first heap   total 786432K, used 548546K [0x00000005c0000000, 0x00000005c20000c0, 0x00000007c0000000)
  region size 32768K, 1 young (32768K), 1 survivors (32768K)
 Metaspace       used 120435K, capacity 123019K, committed 123392K, reserved 1153024K
  class space    used 19288K, capacity 20216K, committed 20224K, reserved 1048576K
}
Event: 45.506 GC heap before
{Heap before GC invocations=308 (full 0):
 garbage-first heap   total 786432K, used 646850K [0x00000005c0000000, 0x00000005c20000c0, 0x00000007c0000000)
  region size 32768K, 4 young (131072K), 1 survivors (32768K)
 Metaspace       used 121203K, capacity 123891K, committed 124416K, reserved 1153024K
  class space    used 19417K, capacity 20384K, committed 20480K, reserved 1048576K
Event: 45.523 GC heap after
Heap after GC invocations=309 (full 0):
 garbage-first heap   total 786432K, used 543842K [0x00000005c0000000, 0x00000005c20000c0, 0x00000007c0000000)
  region size 32768K, 1 young (32768K), 1 survivors (32768K)
 Metaspace       used 121203K, capacity 123891K, committed 124416K, reserved 1153024K
  class space    used 19417K, capacity 20384K, committed 20480K, reserved 1048576K
}

