# JRE version: Java(TM) SE Runtime Environment (8.0_51-b16) (build 1.8.0_51-b16)
# Java VM: Java HotSpot(TM) 64-Bit Server VM (25.51-b03 mixed mode windows-amd64 compressed oops)
Heap:
 garbage-first heap   total 1703936K, used 942336K [0x00000005c0000000, 0x00000005c20001a0, 0x00000007c0000000)
  region size 32768K, 13 young (425984K), 3 survivors (98304K)
 Metaspace       used 126708K, capacity 129743K, committed 129948K, reserved 1157120K
  class space    used 20496K, capacity 21574K, committed 21660K, reserved 1048576K
GC Heap History (10 events):
Event: 47.854 GC heap before
{Heap before GC invocations=210 (full 0):
 garbage-first heap   total 1703936K, used 895480K [0x00000005c0000000, 0x00000005c20001a0, 0x00000007c0000000)
  region size 32768K, 10 young (327680K), 2 survivors (65536K)
 Metaspace       used 112485K, capacity 114825K, committed 115228K, reserved 1146880K
  class space    used 17778K, capacity 18611K, committed 18716K, reserved 1048576K
Event: 47.890 GC heap after
Heap after GC invocations=211 (full 0):
 garbage-first heap   total 1703936K, used 569288K [0x00000005c0000000, 0x00000005c20001a0, 0x00000007c0000000)
  region size 32768K, 2 young (65536K), 2 survivors (65536K)
 Metaspace       used 112485K, capacity 114825K, committed 115228K, reserved 1146880K
  class space    used 17778K, capacity 18611K, committed 18716K, reserved 1048576K
}
Event: 49.280 GC heap before
{Heap before GC invocations=211 (full 0):
 garbage-first heap   total 1703936K, used 1224648K [0x00000005c0000000, 0x00000005c20001a0, 0x00000007c0000000)
  region size 32768K, 22 young (720896K), 2 survivors (65536K)
 Metaspace       used 116164K, capacity 118651K, committed 119068K, reserved 1148928K
  class space    used 18532K, capacity 19398K, committed 19484K, reserved 1048576K
Event: 49.299 GC heap after
Heap after GC invocations=212 (full 0):
 garbage-first heap   total 1703936K, used 593882K [0x00000005c0000000, 0x00000005c20001a0, 0x00000007c0000000)
  region size 32768K, 3 young (98304K), 3 survivors (98304K)
 Metaspace       used 116164K, capacity 118651K, committed 119068K, reserved 1148928K
  class space    used 18532K, capacity 19398K, committed 19484K, reserved 1048576K
}
Event: 50.840 GC heap before
{Heap before GC invocations=212 (full 0):
 garbage-first heap   total 1703936K, used 1183706K [0x00000005c0000000, 0x00000005c20001a0, 0x00000007c0000000)
  region size 32768K, 21 young (688128K), 3 survivors (98304K)
 Metaspace       used 118874K, capacity 121623K, committed 122012K, reserved 1150976K
  class space    used 19099K, capacity 20062K, committed 20124K, reserved 1048576K
Event: 50.864 GC heap after
Heap after GC invocations=213 (full 0):
 garbage-first heap   total 1703936K, used 615351K [0x00000005c0000000, 0x00000005c20001a0, 0x00000007c0000000)
  region size 32768K, 3 young (98304K), 3 survivors (98304K)
 Metaspace       used 118874K, capacity 121623K, committed 122012K, reserved 1150976K
  class space    used 19099K, capacity 20062K, committed 20124K, reserved 1048576K
}
Event: 52.129 GC heap before
{Heap before GC invocations=213 (full 0):
 garbage-first heap   total 1703936K, used 1205175K [0x00000005c0000000, 0x00000005c20001a0, 0x00000007c0000000)
  region size 32768K, 21 young (688128K), 3 survivors (98304K)
 Metaspace       used 121859K, capacity 124651K, committed 124956K, reserved 1153024K
  class space    used 19664K, capacity 20644K, committed 20764K, reserved 1048576K
Event: 52.157 GC heap after
Heap after GC invocations=214 (full 0):
 garbage-first heap   total 1703936K, used 624711K [0x00000005c0000000, 0x00000005c20001a0, 0x00000007c0000000)
  region size 32768K, 3 young (98304K), 3 survivors (98304K)
 Metaspace       used 121859K, capacity 124651K, committed 124956K, reserved 1153024K
  class space    used 19664K, capacity 20644K, committed 20764K, reserved 1048576K
}
Event: 53.486 GC heap before
{Heap before GC invocations=214 (full 0):
 garbage-first heap   total 1703936K, used 1214535K [0x00000005c0000000, 0x00000005c20001a0, 0x00000007c0000000)
  region size 32768K, 21 young (688128K), 3 survivors (98304K)
 Metaspace       used 124692K, capacity 127595K, committed 127772K, reserved 1155072K
  class space    used 20150K, capacity 21194K, committed 21276K, reserved 1048576K
Event: 53.517 GC heap after
Heap after GC invocations=215 (full 0):
 garbage-first heap   total 1703936K, used 647424K [0x00000005c0000000, 0x00000005c20001a0, 0x00000007c0000000)
  region size 32768K, 3 young (98304K), 3 survivors (98304K)
 Metaspace       used 124692K, capacity 127595K, committed 127772K, reserved 1155072K
  class space    used 20150K, capacity 21194K, committed 21276K, reserved 1048576K
}

